2021-01-18 22:17:21,766 INFO o.a.j.u.JMeterUtils: Setting Locale to en_EN
2021-01-18 22:17:21,816 INFO o.a.j.JMeter: Loading user properties from: user.properties
2021-01-18 22:17:21,817 INFO o.a.j.JMeter: Loading system properties from: system.properties
2021-01-18 22:17:21,818 INFO o.a.j.JMeter: Copyright (c) 1998-2020 The Apache Software Foundation
2021-01-18 22:17:21,818 INFO o.a.j.JMeter: Version 5.3
2021-01-18 22:17:21,818 INFO o.a.j.JMeter: java.version=11.0.9
2021-01-18 22:17:21,818 INFO o.a.j.JMeter: java.vm.name=OpenJDK 64-Bit Server VM
2021-01-18 22:17:21,818 INFO o.a.j.JMeter: os.name=Mac OS X
2021-01-18 22:17:21,818 INFO o.a.j.JMeter: os.arch=x86_64
2021-01-18 22:17:21,818 INFO o.a.j.JMeter: os.version=10.16
2021-01-18 22:17:21,818 INFO o.a.j.JMeter: file.encoding=UTF-8
2021-01-18 22:17:21,819 INFO o.a.j.JMeter: java.awt.headless=true
2021-01-18 22:17:21,819 INFO o.a.j.JMeter: Max memory     =1073741824
2021-01-18 22:17:21,819 INFO o.a.j.JMeter: Available Processors =8
2021-01-18 22:17:21,831 INFO o.a.j.JMeter: Default Locale=English (EN)
2021-01-18 22:17:21,831 INFO o.a.j.JMeter: JMeter  Locale=English (EN)
2021-01-18 22:17:21,831 INFO o.a.j.JMeter: JMeterHome=/Users/joaonunoabreu/Desktop/Universidade/4-Ano/1Semestre/ICD/trabalho/apache-jmeter-5.3
2021-01-18 22:17:21,831 INFO o.a.j.JMeter: user.dir  =/Users/joaonunoabreu/Desktop/Universidade/4-Ano/1Semestre/ICD/trabalho/apache-jmeter-5.3/bin
2021-01-18 22:17:21,832 INFO o.a.j.JMeter: PWD       =/Users/joaonunoabreu/Desktop/Universidade/4-Ano/1Semestre/ICD/trabalho/apache-jmeter-5.3/bin
2021-01-18 22:17:21,840 INFO o.a.j.JMeter: IP: 192.168.1.251 Name: MBP-de-Joao.lan FullName: mbp-de-joao.lan
2021-01-18 22:17:22,078 INFO o.a.j.JMeter: Setting LAF to: com.github.weisj.darklaf.DarkLaf:com.github.weisj.darklaf.theme.DarculaTheme
2021-01-18 22:17:22,240 ERROR o.a.j.JMeter: An error occurred: 
java.awt.HeadlessException: null
	at java.awt.GraphicsEnvironment.checkHeadless(GraphicsEnvironment.java:208) ~[?:?]
	at java.awt.Window.<init>(Window.java:548) ~[?:?]
	at java.awt.Frame.<init>(Frame.java:423) ~[?:?]
	at java.awt.Frame.<init>(Frame.java:388) ~[?:?]
	at javax.swing.SwingUtilities$SharedOwnerFrame.<init>(SwingUtilities.java:1919) ~[?:?]
	at javax.swing.SwingUtilities.getSharedOwnerFrame(SwingUtilities.java:1995) ~[?:?]
	at javax.swing.JWindow.<init>(JWindow.java:183) ~[?:?]
	at javax.swing.JWindow.<init>(JWindow.java:135) ~[?:?]
	at org.apache.jmeter.SplashScreen.<init>(SplashScreen.java:52) ~[ApacheJMeter_core.jar:5.3]
	at org.apache.jmeter.JMeter.startGui(JMeter.java:385) ~[ApacheJMeter_core.jar:5.3]
	at org.apache.jmeter.JMeter.start(JMeter.java:547) [ApacheJMeter_core.jar:5.3]
	at jdk.internal.reflect.NativeMethodAccessorImpl.invoke0(Native Method) ~[?:?]
	at jdk.internal.reflect.NativeMethodAccessorImpl.invoke(NativeMethodAccessorImpl.java:62) ~[?:?]
	at jdk.internal.reflect.DelegatingMethodAccessorImpl.invoke(DelegatingMethodAccessorImpl.java:43) ~[?:?]
	at java.lang.reflect.Method.invoke(Method.java:566) ~[?:?]
	at org.apache.jmeter.NewDriver.main(NewDriver.java:252) [ApacheJMeter.jar:5.3]
