2019-12-30 18:09:28.678+0000 WARN [o.n.i.p.PageCache] The dbms.memory.pagecache.size setting has not been configured. It is recommended that this setting is always explicitly configured, to ensure the system has a balanced configuration. Until then, a computed heuristic value of 6442450944 bytes will be used instead. Run `neo4j-admin memrec` for memory configuration suggestions.
2019-12-30 18:09:29.034+0000 INFO [o.n.g.f.m.e.CommunityEditionModule] No locking implementation specified, defaulting to 'community'
2019-12-30 18:09:29.250+0000 INFO [o.n.g.f.GraphDatabaseFacadeFactory] Creating 'graph.db' database.
2019-12-30 18:09:29.299+0000 INFO [o.n.k.a.DatabaseAvailabilityGuard] Requirement `Database available` makes database graph.db unavailable.
2019-12-30 18:09:29.301+0000 INFO [o.n.k.a.DatabaseAvailabilityGuard] Database graph.db is unavailable.
2019-12-30 18:09:29.339+0000 INFO [o.n.i.d.DiagnosticsManager] --- INITIALIZED diagnostics START ---
2019-12-30 18:09:29.339+0000 INFO [o.n.i.d.DiagnosticsManager] Neo4j Kernel properties:
2019-12-30 18:09:29.339+0000 INFO [o.n.i.d.DiagnosticsManager] dbms.connector.http.enabled=true
2019-12-30 18:09:29.339+0000 INFO [o.n.i.d.DiagnosticsManager] unsupported.dbms.edition=community
2019-12-30 18:09:29.340+0000 INFO [o.n.i.d.DiagnosticsManager] dbms.security.auth_enabled=true
2019-12-30 18:09:29.340+0000 INFO [o.n.i.d.DiagnosticsManager] dbms.windows_service_name=neo4j
2019-12-30 18:09:29.340+0000 INFO [o.n.i.d.DiagnosticsManager] dbms.connector.bolt.enabled=true
2019-12-30 18:09:29.340+0000 INFO [o.n.i.d.DiagnosticsManager] unsupported.dbms.directories.neo4j_home=/Users/joaonunoabreu/Desktop/neo4j-community-3.5.14
2019-12-30 18:09:29.340+0000 INFO [o.n.i.d.DiagnosticsManager] dbms.connector.https.enabled=true
2019-12-30 18:09:29.340+0000 INFO [o.n.i.d.DiagnosticsManager] dbms.directories.import=import
2019-12-30 18:09:29.340+0000 INFO [o.n.i.d.DiagnosticsManager] dbms.jvm.additional=-XX:+UseG1GC
2019-12-30 18:09:29.340+0000 INFO [o.n.i.d.DiagnosticsManager] dbms.tx_log.rotation.retention_policy=1 days
2019-12-30 18:09:29.340+0000 INFO [o.n.i.d.DiagnosticsManager] Diagnostics providers:
2019-12-30 18:09:29.341+0000 INFO [o.n.i.d.DiagnosticsManager] org.neo4j.kernel.configuration.Config
2019-12-30 18:09:29.341+0000 INFO [o.n.i.d.DiagnosticsManager] org.neo4j.internal.diagnostics.DiagnosticsManager
2019-12-30 18:09:29.341+0000 INFO [o.n.i.d.DiagnosticsManager] SYSTEM_MEMORY
2019-12-30 18:09:29.341+0000 INFO [o.n.i.d.DiagnosticsManager] JAVA_MEMORY
2019-12-30 18:09:29.341+0000 INFO [o.n.i.d.DiagnosticsManager] OPERATING_SYSTEM
2019-12-30 18:09:29.341+0000 INFO [o.n.i.d.DiagnosticsManager] JAVA_VIRTUAL_MACHINE
2019-12-30 18:09:29.341+0000 INFO [o.n.i.d.DiagnosticsManager] CLASSPATH
2019-12-30 18:09:29.341+0000 INFO [o.n.i.d.DiagnosticsManager] LIBRARY_PATH
2019-12-30 18:09:29.341+0000 INFO [o.n.i.d.DiagnosticsManager] SYSTEM_PROPERTIES
2019-12-30 18:09:29.341+0000 INFO [o.n.i.d.DiagnosticsManager] TIMEZONE_DATABASE
2019-12-30 18:09:29.341+0000 INFO [o.n.i.d.DiagnosticsManager] NETWORK
2019-12-30 18:09:29.341+0000 INFO [o.n.i.d.DiagnosticsManager] System memory information:
2019-12-30 18:09:29.345+0000 INFO [o.n.i.d.DiagnosticsManager] Total Physical memory: 16.00 GB
2019-12-30 18:09:29.345+0000 INFO [o.n.i.d.DiagnosticsManager] Free Physical memory: 25.35 MB
2019-12-30 18:09:29.346+0000 INFO [o.n.i.d.DiagnosticsManager] Committed virtual memory: 9.74 GB
2019-12-30 18:09:29.347+0000 INFO [o.n.i.d.DiagnosticsManager] Total swap space: 1.00 GB
2019-12-30 18:09:29.347+0000 INFO [o.n.i.d.DiagnosticsManager] Free swap space: 953.50 MB
2019-12-30 18:09:29.347+0000 INFO [o.n.i.d.DiagnosticsManager] JVM memory information:
2019-12-30 18:09:29.347+0000 INFO [o.n.i.d.DiagnosticsManager] Free  memory: 232.50 MB
2019-12-30 18:09:29.347+0000 INFO [o.n.i.d.DiagnosticsManager] Total memory: 256.00 MB
2019-12-30 18:09:29.348+0000 INFO [o.n.i.d.DiagnosticsManager] Max   memory: 4.00 GB
2019-12-30 18:09:29.352+0000 INFO [o.n.i.d.DiagnosticsManager] Garbage Collector: G1 Young Generation: [G1 Eden Space, G1 Survivor Space, G1 Old Gen]
2019-12-30 18:09:29.353+0000 INFO [o.n.i.d.DiagnosticsManager] Garbage Collector: G1 Old Generation: [G1 Eden Space, G1 Survivor Space, G1 Old Gen]
2019-12-30 18:09:29.354+0000 INFO [o.n.i.d.DiagnosticsManager] Memory Pool: Code Cache (Non-heap memory): committed=6.50 MB, used=6.44 MB, max=240.00 MB, threshold=0.00 B
2019-12-30 18:09:29.354+0000 INFO [o.n.i.d.DiagnosticsManager] Memory Pool: Metaspace (Non-heap memory): committed=21.12 MB, used=20.23 MB, max=-1.00 B, threshold=0.00 B
2019-12-30 18:09:29.354+0000 INFO [o.n.i.d.DiagnosticsManager] Memory Pool: Compressed Class Space (Non-heap memory): committed=2.63 MB, used=2.36 MB, max=1.00 GB, threshold=0.00 B
2019-12-30 18:09:29.355+0000 INFO [o.n.i.d.DiagnosticsManager] Memory Pool: G1 Eden Space (Heap memory): committed=149.00 MB, used=4.00 MB, max=-1.00 B, threshold=?
2019-12-30 18:09:29.355+0000 INFO [o.n.i.d.DiagnosticsManager] Memory Pool: G1 Survivor Space (Heap memory): committed=12.00 MB, used=12.00 MB, max=-1.00 B, threshold=?
2019-12-30 18:09:29.355+0000 INFO [o.n.i.d.DiagnosticsManager] Memory Pool: G1 Old Gen (Heap memory): committed=95.00 MB, used=6.50 MB, max=4.00 GB, threshold=0.00 B
2019-12-30 18:09:29.355+0000 INFO [o.n.i.d.DiagnosticsManager] Operating system information:
2019-12-30 18:09:29.356+0000 INFO [o.n.i.d.DiagnosticsManager] Operating System: Mac OS X; version: 10.15.2; arch: x86_64; cpus: 8
2019-12-30 18:09:29.358+0000 INFO [o.n.i.d.DiagnosticsManager] Max number of file descriptors: 10240
2019-12-30 18:09:29.359+0000 INFO [o.n.i.d.DiagnosticsManager] Number of open file descriptors: 137
2019-12-30 18:09:29.370+0000 INFO [o.n.i.d.DiagnosticsManager] Process id: 5189@MBP-de-Joao.lan
2019-12-30 18:09:29.371+0000 INFO [o.n.i.d.DiagnosticsManager] Byte order: LITTLE_ENDIAN
2019-12-30 18:09:29.375+0000 INFO [o.n.i.d.DiagnosticsManager] Local timezone: Europe/Lisbon
2019-12-30 18:09:29.376+0000 INFO [o.n.i.d.DiagnosticsManager] JVM information:
2019-12-30 18:09:29.376+0000 INFO [o.n.i.d.DiagnosticsManager] VM Name: OpenJDK 64-Bit Server VM
2019-12-30 18:09:29.376+0000 INFO [o.n.i.d.DiagnosticsManager] VM Vendor: AdoptOpenJDK
2019-12-30 18:09:29.376+0000 INFO [o.n.i.d.DiagnosticsManager] VM Version: 25.232-b09
2019-12-30 18:09:29.376+0000 INFO [o.n.i.d.DiagnosticsManager] JIT compiler: HotSpot 64-Bit Tiered Compilers
2019-12-30 18:09:29.377+0000 INFO [o.n.i.d.DiagnosticsManager] VM Arguments: [-XX:+UseG1GC, -XX:-OmitStackTraceInFastThrow, -XX:+AlwaysPreTouch, -XX:+UnlockExperimentalVMOptions, -XX:+TrustFinalNonStaticFields, -XX:+DisableExplicitGC, -Djdk.tls.ephemeralDHKeySize=2048, -Djdk.tls.rejectClientInitiatedRenegotiation=true, -Dunsupported.dbms.udc.source=tarball, -Dfile.encoding=UTF-8]
2019-12-30 18:09:29.377+0000 INFO [o.n.i.d.DiagnosticsManager] Java classpath:
2019-12-30 18:09:29.379+0000 INFO [o.n.i.d.DiagnosticsManager]  [classpath + loader.0] file:/Users/joaonunoabreu/Desktop/neo4j-community-3.5.14/lib/jetty-security-9.4.17.v20190418.jar
2019-12-30 18:09:29.379+0000 INFO [o.n.i.d.DiagnosticsManager]  [classpath + loader.0] file:/Users/joaonunoabreu/Desktop/neo4j-community-3.5.14/lib/caffeine-2.6.2.jar
2019-12-30 18:09:29.379+0000 INFO [o.n.i.d.DiagnosticsManager]  [classpath + loader.0] file:/Users/joaonunoabreu/Desktop/neo4j-community-3.5.14/lib/jackson-jaxrs-1.9.13.jar
2019-12-30 18:09:29.379+0000 INFO [o.n.i.d.DiagnosticsManager]  [classpath + loader.0] file:/Users/joaonunoabreu/Desktop/neo4j-community-3.5.14/lib/jakarta.activation-api-1.2.1.jar
2019-12-30 18:09:29.379+0000 INFO [o.n.i.d.DiagnosticsManager]  [loader.1] file:/Library/Java/JavaVirtualMachines/adoptopenjdk-8.jdk/Contents/Home/jre/lib/ext/cldrdata.jar
2019-12-30 18:09:29.379+0000 INFO [o.n.i.d.DiagnosticsManager]  [classpath + loader.0] file:/Users/joaonunoabreu/Desktop/neo4j-community-3.5.14/lib/neo4j-data-collector-3.5.14.jar
2019-12-30 18:09:29.379+0000 INFO [o.n.i.d.DiagnosticsManager]  [classpath + loader.0] file:/Users/joaonunoabreu/Desktop/neo4j-community-3.5.14/lib/neo4j-import-tool-3.5.14.jar
2019-12-30 18:09:29.379+0000 INFO [o.n.i.d.DiagnosticsManager]  [bootstrap] /Library/Java/JavaVirtualMachines/adoptopenjdk-8.jdk/Contents/Home/jre/lib/jfr.jar
2019-12-30 18:09:29.379+0000 INFO [o.n.i.d.DiagnosticsManager]  [classpath + loader.0] file:/Users/joaonunoabreu/Desktop/neo4j-community-3.5.14/lib/jersey-core-1.19.3.jar
2019-12-30 18:09:29.379+0000 INFO [o.n.i.d.DiagnosticsManager]  [classpath + loader.0] file:/Users/joaonunoabreu/Desktop/neo4j-community-3.5.14/lib/neo4j-logging-3.5.14.jar
2019-12-30 18:09:29.379+0000 INFO [o.n.i.d.DiagnosticsManager]  [classpath + loader.0] file:/Users/joaonunoabreu/Desktop/neo4j-community-3.5.14/lib/commons-lang3-3.8.jar
2019-12-30 18:09:29.379+0000 INFO [o.n.i.d.DiagnosticsManager]  [classpath + loader.0] file:/Users/joaonunoabreu/Desktop/neo4j-community-3.5.14/lib/neo4j-udc-3.5.14.jar
2019-12-30 18:09:29.379+0000 INFO [o.n.i.d.DiagnosticsManager]  [classpath + loader.0] file:/Users/joaonunoabreu/Desktop/neo4j-community-3.5.14/lib/parboiled-scala_2.11-1.1.7.jar
2019-12-30 18:09:29.379+0000 INFO [o.n.i.d.DiagnosticsManager]  [bootstrap] /Library/Java/JavaVirtualMachines/adoptopenjdk-8.jdk/Contents/Home/jre/classes
2019-12-30 18:09:29.379+0000 INFO [o.n.i.d.DiagnosticsManager]  [classpath + loader.0] file:/Users/joaonunoabreu/Desktop/neo4j-community-3.5.14/lib/neo4j-cypher-planner-3.4-3.4.17.jar
2019-12-30 18:09:29.379+0000 INFO [o.n.i.d.DiagnosticsManager]  [classpath + loader.0] file:/Users/joaonunoabreu/Desktop/neo4j-community-3.5.14/lib/neo4j-parser-3.5-3.5.14.jar
2019-12-30 18:09:29.379+0000 INFO [o.n.i.d.DiagnosticsManager]  [classpath + loader.0] file:/Users/joaonunoabreu/Desktop/neo4j-community-3.5.14/lib/neo4j-spatial-index-3.5.14.jar
2019-12-30 18:09:29.380+0000 INFO [o.n.i.d.DiagnosticsManager]  [classpath + loader.0] file:/Users/joaonunoabreu/Desktop/neo4j-community-3.5.14/lib/scala-reflect-2.11.12.jar
2019-12-30 18:09:29.380+0000 INFO [o.n.i.d.DiagnosticsManager]  [classpath + loader.0] file:/Users/joaonunoabreu/Desktop/neo4j-community-3.5.14/lib/netty-all-4.1.43.Final.jar
2019-12-30 18:09:29.380+0000 INFO [o.n.i.d.DiagnosticsManager]  [classpath + loader.0] file:/Users/joaonunoabreu/Desktop/neo4j-community-3.5.14/lib/jackson-core-asl-1.9.13.jar
2019-12-30 18:09:29.380+0000 INFO [o.n.i.d.DiagnosticsManager]  [classpath + loader.0] file:/Users/joaonunoabreu/Desktop/neo4j-community-3.5.14/lib/zstd-jni-1.3.8-6.jar
2019-12-30 18:09:29.380+0000 INFO [o.n.i.d.DiagnosticsManager]  [classpath + loader.0] file:/Users/joaonunoabreu/Desktop/neo4j-community-3.5.14/lib/commons-lang-2.6.jar
2019-12-30 18:09:29.380+0000 INFO [o.n.i.d.DiagnosticsManager]  [classpath + loader.0] file:/Users/joaonunoabreu/Desktop/neo4j-community-3.5.14/lib/bcprov-jdk15on-1.60.jar
2019-12-30 18:09:29.380+0000 INFO [o.n.i.d.DiagnosticsManager]  [classpath + loader.0] file:/Users/joaonunoabreu/Desktop/neo4j-community-3.5.14/lib/FastInfoset-1.2.16.jar
2019-12-30 18:09:29.380+0000 INFO [o.n.i.d.DiagnosticsManager]  [classpath + loader.0] file:/Users/joaonunoabreu/Desktop/neo4j-community-3.5.14/lib/neo4j-cypher-util-3.4-3.4.17.jar
2019-12-30 18:09:29.380+0000 INFO [o.n.i.d.DiagnosticsManager]  [classpath + loader.0] file:/Users/joaonunoabreu/Desktop/neo4j-community-3.5.14/plugins/*
2019-12-30 18:09:29.380+0000 INFO [o.n.i.d.DiagnosticsManager]  [classpath + loader.0] file:/Users/joaonunoabreu/Desktop/neo4j-community-3.5.14/lib/neo4j-cypher-logical-plans-3.4-3.4.17.jar
2019-12-30 18:09:29.380+0000 INFO [o.n.i.d.DiagnosticsManager]  [classpath + loader.0] file:/Users/joaonunoabreu/Desktop/neo4j-community-3.5.14/lib/neo4j-annotation-processors-3.5.14.jar
2019-12-30 18:09:29.380+0000 INFO [o.n.i.d.DiagnosticsManager]  [classpath + loader.0] file:/Users/joaonunoabreu/Desktop/neo4j-community-3.5.14/conf/
2019-12-30 18:09:29.380+0000 INFO [o.n.i.d.DiagnosticsManager]  [classpath + loader.0] file:/Users/joaonunoabreu/Desktop/neo4j-community-3.5.14/lib/neo4j-cypher-planner-spi-3.4-3.4.17.jar
2019-12-30 18:09:29.380+0000 INFO [o.n.i.d.DiagnosticsManager]  [classpath + loader.0] file:/Users/joaonunoabreu/Desktop/neo4j-community-3.5.14/lib/javax.servlet-api-3.1.0.jar
2019-12-30 18:09:29.380+0000 INFO [o.n.i.d.DiagnosticsManager]  [classpath + loader.0] file:/Users/joaonunoabreu/Desktop/neo4j-community-3.5.14/lib/neo4j-cypher-expression-evaluator-3.5.14.jar
2019-12-30 18:09:29.380+0000 INFO [o.n.i.d.DiagnosticsManager]  [classpath + loader.0] file:/Users/joaonunoabreu/Desktop/neo4j-community-3.5.14/lib/neo4j-concurrent-3.5.14.jar
2019-12-30 18:09:29.380+0000 INFO [o.n.i.d.DiagnosticsManager]  [classpath + loader.0] file:/Users/joaonunoabreu/Desktop/neo4j-community-3.5.14/lib/neo4j-browser-3.2.26.jar
2019-12-30 18:09:29.380+0000 INFO [o.n.i.d.DiagnosticsManager]  [classpath + loader.0] file:/Users/joaonunoabreu/Desktop/neo4j-community-3.5.14/lib/jetty-http-9.4.17.v20190418.jar
2019-12-30 18:09:29.380+0000 INFO [o.n.i.d.DiagnosticsManager]  [classpath + loader.0] file:/Users/joaonunoabreu/Desktop/neo4j-community-3.5.14/lib/neo4j-cypher-runtime-util-3.5.14.jar
2019-12-30 18:09:29.380+0000 INFO [o.n.i.d.DiagnosticsManager]  [loader.1] file:/Library/Java/JavaVirtualMachines/adoptopenjdk-8.jdk/Contents/Home/jre/lib/ext/jaccess.jar
2019-12-30 18:09:29.380+0000 INFO [o.n.i.d.DiagnosticsManager]  [classpath + loader.0] file:/Users/joaonunoabreu/Desktop/neo4j-community-3.5.14/lib/concurrentlinkedhashmap-lru-1.4.2.jar
2019-12-30 18:09:29.381+0000 INFO [o.n.i.d.DiagnosticsManager]  [classpath + loader.0] file:/Users/joaonunoabreu/Desktop/neo4j-community-3.5.14/lib/jProcesses-1.6.4.jar
2019-12-30 18:09:29.381+0000 INFO [o.n.i.d.DiagnosticsManager]  [classpath + loader.0] file:/Users/joaonunoabreu/Desktop/neo4j-community-3.5.14/lib/commons-io-2.6.jar
2019-12-30 18:09:29.381+0000 INFO [o.n.i.d.DiagnosticsManager]  [classpath + loader.0] file:/Users/joaonunoabreu/Desktop/neo4j-community-3.5.14/lib/jsr311-api-1.1.2.r612.jar
2019-12-30 18:09:29.381+0000 INFO [o.n.i.d.DiagnosticsManager]  [classpath + loader.0] file:/Users/joaonunoabreu/Desktop/neo4j-community-3.5.14/lib/neo4j-command-line-3.5.14.jar
2019-12-30 18:09:29.381+0000 INFO [o.n.i.d.DiagnosticsManager]  [classpath + loader.0] file:/Users/joaonunoabreu/Desktop/neo4j-community-3.5.14/lib/neo4j-push-to-cloud-3.5.14.jar
2019-12-30 18:09:29.381+0000 INFO [o.n.i.d.DiagnosticsManager]  [classpath + loader.0] file:/Users/joaonunoabreu/Desktop/neo4j-community-3.5.14/lib/jersey-servlet-1.19.3.jar
2019-12-30 18:09:29.381+0000 INFO [o.n.i.d.DiagnosticsManager]  [classpath + loader.0] file:/Users/joaonunoabreu/Desktop/neo4j-community-3.5.14/lib/jetty-webapp-9.4.17.v20190418.jar
2019-12-30 18:09:29.381+0000 INFO [o.n.i.d.DiagnosticsManager]  [classpath + loader.0] file:/Users/joaonunoabreu/Desktop/neo4j-community-3.5.14/lib/neo4j-expressions-3.5-3.5.14.jar
2019-12-30 18:09:29.381+0000 INFO [o.n.i.d.DiagnosticsManager]  [classpath + loader.0] file:/Users/joaonunoabreu/Desktop/neo4j-community-3.5.14/lib/commons-configuration-1.10.jar
2019-12-30 18:09:29.381+0000 INFO [o.n.i.d.DiagnosticsManager]  [classpath + loader.0] file:/Users/joaonunoabreu/Desktop/neo4j-community-3.5.14/lib/jaxb-api-2.3.0.jar
2019-12-30 18:09:29.381+0000 INFO [o.n.i.d.DiagnosticsManager]  [classpath + loader.0] file:/Users/joaonunoabreu/Desktop/neo4j-community-3.5.14/lib/neo4j-ast-3.5-3.5.14.jar
2019-12-30 18:09:29.381+0000 INFO [o.n.i.d.DiagnosticsManager]  [classpath + loader.0] file:/Users/joaonunoabreu/Desktop/neo4j-community-3.5.14/lib/neo4j-values-3.5.14.jar
2019-12-30 18:09:29.381+0000 INFO [o.n.i.d.DiagnosticsManager]  [bootstrap] /Library/Java/JavaVirtualMachines/adoptopenjdk-8.jdk/Contents/Home/jre/lib/jce.jar
2019-12-30 18:09:29.381+0000 INFO [o.n.i.d.DiagnosticsManager]  [classpath + loader.0] file:/Users/joaonunoabreu/Desktop/neo4j-community-3.5.14/lib/neo4j-io-3.5.14.jar
2019-12-30 18:09:29.381+0000 INFO [o.n.i.d.DiagnosticsManager]  [classpath + loader.0] file:/Users/joaonunoabreu/Desktop/neo4j-community-3.5.14/lib/neo4j-cypher-ir-3.4-3.4.17.jar
2019-12-30 18:09:29.381+0000 INFO [o.n.i.d.DiagnosticsManager]  [classpath + loader.0] file:/Users/joaonunoabreu/Desktop/neo4j-community-3.5.14/lib/server-api-3.5.14.jar
2019-12-30 18:09:29.381+0000 INFO [o.n.i.d.DiagnosticsManager]  [classpath + loader.0] file:/Users/joaonunoabreu/Desktop/neo4j-community-3.5.14/lib/lucene-codecs-5.5.5.jar
2019-12-30 18:09:29.381+0000 INFO [o.n.i.d.DiagnosticsManager]  [classpath + loader.0] file:/Users/joaonunoabreu/Desktop/neo4j-community-3.5.14/lib/jetty-io-9.4.17.v20190418.jar
2019-12-30 18:09:29.381+0000 INFO [o.n.i.d.DiagnosticsManager]  [classpath + loader.0] file:/Users/joaonunoabreu/Desktop/neo4j-community-3.5.14/lib/neo4j-bolt-3.5.14.jar
2019-12-30 18:09:29.381+0000 INFO [o.n.i.d.DiagnosticsManager]  [classpath + loader.0] file:/Users/joaonunoabreu/Desktop/neo4j-community-3.5.14/lib/neo4j-cypher-interpreted-runtime-3.5.14.jar
2019-12-30 18:09:29.381+0000 INFO [o.n.i.d.DiagnosticsManager]  [classpath + loader.0] file:/Users/joaonunoabreu/Desktop/neo4j-community-3.5.14/lib/neo4j-graph-algo-3.5.14.jar
2019-12-30 18:09:29.381+0000 INFO [o.n.i.d.DiagnosticsManager]  [classpath + loader.0] file:/Users/joaonunoabreu/Desktop/neo4j-community-3.5.14/lib/neo4j-cypher-frontend-2.3-2.3.12.jar
2019-12-30 18:09:29.381+0000 INFO [o.n.i.d.DiagnosticsManager]  [classpath + loader.0] file:/Users/joaonunoabreu/Desktop/neo4j-community-3.5.14/lib/neo4j-csv-3.5.14.jar
2019-12-30 18:09:29.382+0000 INFO [o.n.i.d.DiagnosticsManager]  [classpath + loader.0] file:/Users/joaonunoabreu/Desktop/neo4j-community-3.5.14/lib/neo4j-cypher-expression-3.4-3.4.17.jar
2019-12-30 18:09:29.382+0000 INFO [o.n.i.d.DiagnosticsManager]  [classpath + loader.0] file:/Users/joaonunoabreu/Desktop/neo4j-community-3.5.14/lib/neo4j-cypher-frontend-3.1-3.1.9.jar
2019-12-30 18:09:29.382+0000 INFO [o.n.i.d.DiagnosticsManager]  [classpath + loader.0] file:/Users/joaonunoabreu/Desktop/neo4j-community-3.5.14/lib/neo4j-server-3.5.14.jar
2019-12-30 18:09:29.382+0000 INFO [o.n.i.d.DiagnosticsManager]  [classpath + loader.0] file:/Users/joaonunoabreu/Desktop/neo4j-community-3.5.14/lib/neo4j-cypher-planner-3.5-3.5.14.jar
2019-12-30 18:09:29.382+0000 INFO [o.n.i.d.DiagnosticsManager]  [classpath + loader.0] file:/Users/joaonunoabreu/Desktop/neo4j-community-3.5.14/lib/scala-library-2.11.12.jar
2019-12-30 18:09:29.382+0000 INFO [o.n.i.d.DiagnosticsManager]  [bootstrap] /Library/Java/JavaVirtualMachines/adoptopenjdk-8.jdk/Contents/Home/jre/lib/resources.jar
2019-12-30 18:09:29.382+0000 INFO [o.n.i.d.DiagnosticsManager]  [classpath + loader.0] file:/Users/joaonunoabreu/Desktop/neo4j-community-3.5.14/lib/neo4j-cypher-3.5.14.jar
2019-12-30 18:09:29.382+0000 INFO [o.n.i.d.DiagnosticsManager]  [bootstrap] /Library/Java/JavaVirtualMachines/adoptopenjdk-8.jdk/Contents/Home/jre/lib/rt.jar
2019-12-30 18:09:29.382+0000 INFO [o.n.i.d.DiagnosticsManager]  [classpath + loader.0] file:/Users/joaonunoabreu/Desktop/neo4j-community-3.5.14/lib/jersey-server-1.19.3.jar
2019-12-30 18:09:29.382+0000 INFO [o.n.i.d.DiagnosticsManager]  [loader.1] file:/Library/Java/JavaVirtualMachines/adoptopenjdk-8.jdk/Contents/Home/jre/lib/ext/localedata.jar
2019-12-30 18:09:29.382+0000 INFO [o.n.i.d.DiagnosticsManager]  [classpath + loader.0] file:/Users/joaonunoabreu/Desktop/neo4j-community-3.5.14/lib/neo4j-rewriting-3.5-3.5.14.jar
2019-12-30 18:09:29.382+0000 INFO [o.n.i.d.DiagnosticsManager]  [classpath + loader.0] file:/Users/joaonunoabreu/Desktop/neo4j-community-3.5.14/lib/jaxb-runtime-2.3.2.jar
2019-12-30 18:09:29.382+0000 INFO [o.n.i.d.DiagnosticsManager]  [classpath + loader.0] file:/Users/joaonunoabreu/Desktop/neo4j-community-3.5.14/lib/neo4j-cypher-ir-3.5-3.5.14.jar
2019-12-30 18:09:29.382+0000 INFO [o.n.i.d.DiagnosticsManager]  [classpath + loader.0] file:/Users/joaonunoabreu/Desktop/neo4j-community-3.5.14/lib/neo4j-index-3.5.14.jar
2019-12-30 18:09:29.382+0000 INFO [o.n.i.d.DiagnosticsManager]  [classpath + loader.0] file:/Users/joaonunoabreu/Desktop/neo4j-community-3.5.14/lib/neo4j-front-end-3.5-3.5.14.jar
2019-12-30 18:09:29.382+0000 INFO [o.n.i.d.DiagnosticsManager]  [classpath + loader.0] file:/Users/joaonunoabreu/Desktop/neo4j-community-3.5.14/lib/neo4j-legacy-3.5.14.jar
2019-12-30 18:09:29.382+0000 INFO [o.n.i.d.DiagnosticsManager]  [classpath + loader.0] file:/Users/joaonunoabreu/Desktop/neo4j-community-3.5.14/lib/commons-logging-1.1.1.jar
2019-12-30 18:09:29.382+0000 INFO [o.n.i.d.DiagnosticsManager]  [classpath + loader.0] file:/Users/joaonunoabreu/Desktop/neo4j-community-3.5.14/lib/neo4j-graph-matching-3.1.9.jar
2019-12-30 18:09:29.383+0000 INFO [o.n.i.d.DiagnosticsManager]  [classpath + loader.0] file:/Users/joaonunoabreu/Desktop/neo4j-community-3.5.14/lib/neo4j-unsafe-3.5.14.jar
2019-12-30 18:09:29.383+0000 INFO [o.n.i.d.DiagnosticsManager]  [classpath + loader.0] file:/Users/joaonunoabreu/Desktop/neo4j-community-3.5.14/lib/neo4j-kernel-3.5.14.jar
2019-12-30 18:09:29.383+0000 INFO [o.n.i.d.DiagnosticsManager]  [classpath + loader.0] file:/Users/joaonunoabreu/Desktop/neo4j-community-3.5.14/lib/jakarta.xml.bind-api-2.3.2.jar
2019-12-30 18:09:29.383+0000 INFO [o.n.i.d.DiagnosticsManager]  [classpath + loader.0] file:/Users/joaonunoabreu/Desktop/neo4j-community-3.5.14/lib/eclipse-collections-9.2.0.jar
2019-12-30 18:09:29.383+0000 INFO [o.n.i.d.DiagnosticsManager]  [classpath + loader.0] file:/Users/joaonunoabreu/Desktop/neo4j-community-3.5.14/lib/jetty-xml-9.4.17.v20190418.jar
2019-12-30 18:09:29.383+0000 INFO [o.n.i.d.DiagnosticsManager]  [loader.1] file:/Library/Java/JavaVirtualMachines/adoptopenjdk-8.jdk/Contents/Home/jre/lib/ext/sunec.jar
2019-12-30 18:09:29.383+0000 INFO [o.n.i.d.DiagnosticsManager]  [classpath + loader.0] file:/Users/joaonunoabreu/Desktop/neo4j-community-3.5.14/lib/jPowerShell-1.9.jar
2019-12-30 18:09:29.383+0000 INFO [o.n.i.d.DiagnosticsManager]  [bootstrap] /Library/Java/JavaVirtualMachines/adoptopenjdk-8.jdk/Contents/Home/jre/lib/charsets.jar
2019-12-30 18:09:29.383+0000 INFO [o.n.i.d.DiagnosticsManager]  [classpath + loader.0] file:/Users/joaonunoabreu/Desktop/neo4j-community-3.5.14/lib/neo4j-cypher-planner-spi-3.5-3.5.14.jar
2019-12-30 18:09:29.383+0000 INFO [o.n.i.d.DiagnosticsManager]  [classpath + loader.0] file:/Users/joaonunoabreu/Desktop/neo4j-community-3.5.14/lib/neo4j-security-3.5.14.jar
2019-12-30 18:09:29.383+0000 INFO [o.n.i.d.DiagnosticsManager]  [classpath + loader.0] file:/Users/joaonunoabreu/Desktop/neo4j-community-3.5.14/lib/lucene-core-5.5.5.jar
2019-12-30 18:09:29.383+0000 INFO [o.n.i.d.DiagnosticsManager]  [classpath + loader.0] file:/Users/joaonunoabreu/Desktop/neo4j-community-3.5.14/lib/neo4j-dbms-3.5.14.jar
2019-12-30 18:09:29.383+0000 INFO [o.n.i.d.DiagnosticsManager]  [classpath + loader.0] file:/Users/joaonunoabreu/Desktop/neo4j-community-3.5.14/lib/neo4j-resource-3.5.14.jar
2019-12-30 18:09:29.383+0000 INFO [o.n.i.d.DiagnosticsManager]  [classpath + loader.0] file:/Users/joaonunoabreu/Desktop/neo4j-community-3.5.14/lib/neo4j-cypher-compiler-2.3-2.3.12.jar
2019-12-30 18:09:29.383+0000 INFO [o.n.i.d.DiagnosticsManager]  [classpath + loader.0] file:/Users/joaonunoabreu/Desktop/neo4j-community-3.5.14/lib/WMI4Java-1.6.1.jar
2019-12-30 18:09:29.383+0000 INFO [o.n.i.d.DiagnosticsManager]  [classpath + loader.0] file:/Users/joaonunoabreu/Desktop/neo4j-community-3.5.14/lib/commons-compress-1.19.jar
2019-12-30 18:09:29.383+0000 INFO [o.n.i.d.DiagnosticsManager]  [classpath + loader.0] file:/Users/joaonunoabreu/Desktop/neo4j-community-3.5.14/lib/neo4j-graphdb-api-3.5.14.jar
2019-12-30 18:09:29.383+0000 INFO [o.n.i.d.DiagnosticsManager]  [classpath + loader.0] file:/Users/joaonunoabreu/Desktop/neo4j-community-3.5.14/lib/neo4j-lucene-index-3.5.14.jar
2019-12-30 18:09:29.383+0000 INFO [o.n.i.d.DiagnosticsManager]  [classpath + loader.0] file:/Users/joaonunoabreu/Desktop/neo4j-community-3.5.14/lib/neo4j-util-3.5-3.5.14.jar
2019-12-30 18:09:29.383+0000 INFO [o.n.i.d.DiagnosticsManager]  [classpath + loader.0] file:/Users/joaonunoabreu/Desktop/neo4j-community-3.5.14/lib/stax-ex-1.8.1.jar
2019-12-30 18:09:29.383+0000 INFO [o.n.i.d.DiagnosticsManager]  [classpath + loader.0] file:/Users/joaonunoabreu/Desktop/neo4j-community-3.5.14/lib/neo4j-diagnostics-3.5.14.jar
2019-12-30 18:09:29.383+0000 INFO [o.n.i.d.DiagnosticsManager]  [classpath + loader.0] file:/Users/joaonunoabreu/Desktop/neo4j-community-3.5.14/lib/neo4j-ssl-3.5.14.jar
2019-12-30 18:09:29.383+0000 INFO [o.n.i.d.DiagnosticsManager]  [bootstrap] /Library/Java/JavaVirtualMachines/adoptopenjdk-8.jdk/Contents/Home/jre/lib/sunrsasign.jar
2019-12-30 18:09:29.383+0000 INFO [o.n.i.d.DiagnosticsManager]  [loader.1] file:/Library/Java/JavaVirtualMachines/adoptopenjdk-8.jdk/Contents/Home/jre/lib/ext/sunjce_provider.jar
2019-12-30 18:09:29.383+0000 INFO [o.n.i.d.DiagnosticsManager]  [loader.1] file:/Library/Java/JavaVirtualMachines/adoptopenjdk-8.jdk/Contents/Home/jre/lib/ext/nashorn.jar
2019-12-30 18:09:29.384+0000 INFO [o.n.i.d.DiagnosticsManager]  [classpath + loader.0] file:/Users/joaonunoabreu/Desktop/neo4j-community-3.5.14/lib/openCypher-frontend-1-3.4.17.jar
2019-12-30 18:09:29.384+0000 INFO [o.n.i.d.DiagnosticsManager]  [classpath + loader.0] file:/Users/joaonunoabreu/Desktop/neo4j-community-3.5.14/lib/jetty-util-9.4.17.v20190418.jar
2019-12-30 18:09:29.384+0000 INFO [o.n.i.d.DiagnosticsManager]  [classpath + loader.0] file:/Users/joaonunoabreu/Desktop/neo4j-community-3.5.14/lib/lucene-analyzers-common-5.5.5.jar
2019-12-30 18:09:29.384+0000 INFO [o.n.i.d.DiagnosticsManager]  [classpath + loader.0] file:/Users/joaonunoabreu/Desktop/neo4j-community-3.5.14/lib/neo4j-lucene-upgrade-3.5.14.jar
2019-12-30 18:09:29.384+0000 INFO [o.n.i.d.DiagnosticsManager]  [classpath + loader.0] file:/Users/joaonunoabreu/Desktop/neo4j-community-3.5.14/lib/parboiled-core-1.1.7.jar
2019-12-30 18:09:29.384+0000 INFO [o.n.i.d.DiagnosticsManager]  [loader.1] file:/System/Library/Java/Extensions/MRJToolkit.jar
2019-12-30 18:09:29.384+0000 INFO [o.n.i.d.DiagnosticsManager]  [classpath + loader.0] file:/Users/joaonunoabreu/Desktop/neo4j-community-3.5.14/lib/commons-text-1.4.jar
2019-12-30 18:09:29.384+0000 INFO [o.n.i.d.DiagnosticsManager]  [classpath + loader.0] file:/Users/joaonunoabreu/Desktop/neo4j-community-3.5.14/lib/activation-1.1.1.jar
2019-12-30 18:09:29.384+0000 INFO [o.n.i.d.DiagnosticsManager]  [classpath + loader.0] file:/Users/joaonunoabreu/Desktop/neo4j-community-3.5.14/lib/lucene-queryparser-5.5.5.jar
2019-12-30 18:09:29.384+0000 INFO [o.n.i.d.DiagnosticsManager]  [classpath + loader.0] file:/Users/joaonunoabreu/Desktop/neo4j-community-3.5.14/lib/neo4j-consistency-check-3.5.14.jar
2019-12-30 18:09:29.384+0000 INFO [o.n.i.d.DiagnosticsManager]  [classpath + loader.0] file:/Users/joaonunoabreu/Desktop/neo4j-community-3.5.14/lib/bcpkix-jdk15on-1.60.jar
2019-12-30 18:09:29.384+0000 INFO [o.n.i.d.DiagnosticsManager]  [classpath + loader.0] file:/Users/joaonunoabreu/Desktop/neo4j-community-3.5.14/lib/txw2-2.3.2.jar
2019-12-30 18:09:29.384+0000 INFO [o.n.i.d.DiagnosticsManager]  [loader.1] file:/Library/Java/JavaVirtualMachines/adoptopenjdk-8.jdk/Contents/Home/jre/lib/ext/sunpkcs11.jar
2019-12-30 18:09:29.384+0000 INFO [o.n.i.d.DiagnosticsManager]  [classpath + loader.0] file:/Users/joaonunoabreu/Desktop/neo4j-community-3.5.14/lib/neo4j-codegen-3.5.14.jar
2019-12-30 18:09:29.384+0000 INFO [o.n.i.d.DiagnosticsManager]  [classpath + loader.0] file:/Users/joaonunoabreu/Desktop/neo4j-community-3.5.14/lib/neo4j-jmx-3.5.14.jar
2019-12-30 18:09:29.384+0000 INFO [o.n.i.d.DiagnosticsManager]  [classpath + loader.0] file:/Users/joaonunoabreu/Desktop/neo4j-community-3.5.14/lib/eclipse-collections-api-9.2.0.jar
2019-12-30 18:09:29.384+0000 INFO [o.n.i.d.DiagnosticsManager]  [classpath + loader.0] file:/Users/joaonunoabreu/Desktop/neo4j-community-3.5.14/lib/zstd-proxy-3.5.14.jar
2019-12-30 18:09:29.384+0000 INFO [o.n.i.d.DiagnosticsManager]  [classpath + loader.0] file:/Users/joaonunoabreu/Desktop/neo4j-community-3.5.14/lib/neo4j-cypher-compiler-3.1-3.1.9.jar
2019-12-30 18:09:29.384+0000 INFO [o.n.i.d.DiagnosticsManager]  [classpath + loader.0] file:/Users/joaonunoabreu/Desktop/neo4j-community-3.5.14/lib/neo4j-3.5.14.jar
2019-12-30 18:09:29.384+0000 INFO [o.n.i.d.DiagnosticsManager]  [classpath + loader.0] file:/Users/joaonunoabreu/Desktop/neo4j-community-3.5.14/lib/jetty-server-9.4.17.v20190418.jar
2019-12-30 18:09:29.384+0000 INFO [o.n.i.d.DiagnosticsManager]  [loader.1] file:/Library/Java/JavaVirtualMachines/adoptopenjdk-8.jdk/Contents/Home/jre/lib/ext/dnsns.jar
2019-12-30 18:09:29.385+0000 INFO [o.n.i.d.DiagnosticsManager]  [classpath + loader.0] file:/Users/joaonunoabreu/Desktop/neo4j-community-3.5.14/lib/neo4j-procedure-api-3.5.14.jar
2019-12-30 18:09:29.385+0000 INFO [o.n.i.d.DiagnosticsManager]  [classpath + loader.0] file:/Users/joaonunoabreu/Desktop/neo4j-community-3.5.14/lib/neo4j-common-3.5.14.jar
2019-12-30 18:09:29.385+0000 INFO [o.n.i.d.DiagnosticsManager]  [classpath + loader.0] file:/Users/joaonunoabreu/Desktop/neo4j-community-3.5.14/lib/neo4j-configuration-3.5.14.jar
2019-12-30 18:09:29.385+0000 INFO [o.n.i.d.DiagnosticsManager]  [classpath + loader.0] file:/Users/joaonunoabreu/Desktop/neo4j-community-3.5.14/plugins/
2019-12-30 18:09:29.385+0000 INFO [o.n.i.d.DiagnosticsManager]  [classpath + loader.0] file:/Users/joaonunoabreu/Desktop/neo4j-community-3.5.14/lib/neo4j-cypher-logical-plans-3.5-3.5.14.jar
2019-12-30 18:09:29.385+0000 INFO [o.n.i.d.DiagnosticsManager]  [classpath + loader.0] file:/Users/joaonunoabreu/Desktop/neo4j-community-3.5.14/lib/jetty-servlet-9.4.17.v20190418.jar
2019-12-30 18:09:29.385+0000 INFO [o.n.i.d.DiagnosticsManager]  [classpath + loader.0] file:/Users/joaonunoabreu/Desktop/neo4j-community-3.5.14/lib/neo4j-collections-3.5.14.jar
2019-12-30 18:09:29.385+0000 INFO [o.n.i.d.DiagnosticsManager]  [classpath + loader.0] file:/Users/joaonunoabreu/Desktop/neo4j-community-3.5.14/lib/opencsv-2.3.jar
2019-12-30 18:09:29.385+0000 INFO [o.n.i.d.DiagnosticsManager]  [classpath + loader.0] file:/Users/joaonunoabreu/Desktop/neo4j-community-3.5.14/lib/neo4j-fulltext-index-3.5.14.jar
2019-12-30 18:09:29.385+0000 INFO [o.n.i.d.DiagnosticsManager]  [classpath + loader.0] file:/Users/joaonunoabreu/Desktop/neo4j-community-3.5.14/lib/neo4j-kernel-api-3.5.14.jar
2019-12-30 18:09:29.385+0000 INFO [o.n.i.d.DiagnosticsManager]  [classpath + loader.0] file:/Library/Java/JavaVirtualMachines/adoptopenjdk-8.jdk/Contents/Home/lib/tools.jar
2019-12-30 18:09:29.385+0000 INFO [o.n.i.d.DiagnosticsManager]  [bootstrap] /Library/Java/JavaVirtualMachines/adoptopenjdk-8.jdk/Contents/Home/jre/lib/jsse.jar
2019-12-30 18:09:29.385+0000 INFO [o.n.i.d.DiagnosticsManager]  [loader.1] file:/Library/Java/JavaVirtualMachines/adoptopenjdk-8.jdk/Contents/Home/jre/lib/ext/zipfs.jar
2019-12-30 18:09:29.385+0000 INFO [o.n.i.d.DiagnosticsManager]  [classpath + loader.0] file:/Users/joaonunoabreu/Desktop/neo4j-community-3.5.14/lib/jackson-mapper-asl-1.9.13.jar
2019-12-30 18:09:29.385+0000 INFO [o.n.i.d.DiagnosticsManager]  [classpath + loader.0] file:/Users/joaonunoabreu/Desktop/neo4j-community-3.5.14/lib/istack-commons-runtime-3.0.8.jar
2019-12-30 18:09:29.385+0000 INFO [o.n.i.d.DiagnosticsManager] Library path:
2019-12-30 18:09:29.386+0000 INFO [o.n.i.d.DiagnosticsManager] /Users/joaonunoabreu/Library/Java/Extensions
2019-12-30 18:09:29.386+0000 INFO [o.n.i.d.DiagnosticsManager] /Library/Java/Extensions
2019-12-30 18:09:29.386+0000 INFO [o.n.i.d.DiagnosticsManager] /Network/Library/Java/Extensions
2019-12-30 18:09:29.386+0000 INFO [o.n.i.d.DiagnosticsManager] /System/Library/Java/Extensions
2019-12-30 18:09:29.386+0000 INFO [o.n.i.d.DiagnosticsManager] /usr/lib/java
2019-12-30 18:09:29.386+0000 INFO [o.n.i.d.DiagnosticsManager] /Users/joaonunoabreu/Desktop/neo4j-community-3.5.14
2019-12-30 18:09:29.386+0000 INFO [o.n.i.d.DiagnosticsManager] System.properties:
2019-12-30 18:09:29.387+0000 INFO [o.n.i.d.DiagnosticsManager] sun.boot.library.path = /Library/Java/JavaVirtualMachines/adoptopenjdk-8.jdk/Contents/Home/jre/lib
2019-12-30 18:09:29.387+0000 INFO [o.n.i.d.DiagnosticsManager] jdk.tls.rejectClientInitiatedRenegotiation = true
2019-12-30 18:09:29.387+0000 INFO [o.n.i.d.DiagnosticsManager] gopherProxySet = false
2019-12-30 18:09:29.387+0000 INFO [o.n.i.d.DiagnosticsManager] path.separator = :
2019-12-30 18:09:29.387+0000 INFO [o.n.i.d.DiagnosticsManager] file.encoding.pkg = sun.io
2019-12-30 18:09:29.387+0000 INFO [o.n.i.d.DiagnosticsManager] user.country = PT
2019-12-30 18:09:29.387+0000 INFO [o.n.i.d.DiagnosticsManager] sun.java.launcher = SUN_STANDARD
2019-12-30 18:09:29.387+0000 INFO [o.n.i.d.DiagnosticsManager] sun.os.patch.level = unknown
2019-12-30 18:09:29.387+0000 INFO [o.n.i.d.DiagnosticsManager] user.dir = /Users/joaonunoabreu/Desktop/neo4j-community-3.5.14
2019-12-30 18:09:29.387+0000 INFO [o.n.i.d.DiagnosticsManager] sun.jnu.encoding = UTF-8
2019-12-30 18:09:29.387+0000 INFO [o.n.i.d.DiagnosticsManager] unsupported.dbms.udc.source = tarball
2019-12-30 18:09:29.387+0000 INFO [o.n.i.d.DiagnosticsManager] sun.management.compiler = HotSpot 64-Bit Tiered Compilers
2019-12-30 18:09:29.387+0000 INFO [o.n.i.d.DiagnosticsManager] http.nonProxyHosts = local|*.local|169.254/16|*.169.254/16
2019-12-30 18:09:29.387+0000 INFO [o.n.i.d.DiagnosticsManager] user.home = /Users/joaonunoabreu
2019-12-30 18:09:29.387+0000 INFO [o.n.i.d.DiagnosticsManager] user.timezone = Europe/Lisbon
2019-12-30 18:09:29.387+0000 INFO [o.n.i.d.DiagnosticsManager] file.encoding = UTF-8
2019-12-30 18:09:29.387+0000 INFO [o.n.i.d.DiagnosticsManager] user.name = joaonunoabreu
2019-12-30 18:09:29.387+0000 INFO [o.n.i.d.DiagnosticsManager] sun.java.command = org.neo4j.server.CommunityEntryPoint --home-dir=/Users/joaonunoabreu/Desktop/neo4j-community-3.5.14 --config-dir=/Users/joaonunoabreu/Desktop/neo4j-community-3.5.14/conf
2019-12-30 18:09:29.388+0000 INFO [o.n.i.d.DiagnosticsManager] sun.arch.data.model = 64
2019-12-30 18:09:29.388+0000 INFO [o.n.i.d.DiagnosticsManager] user.language = pt
2019-12-30 18:09:29.388+0000 INFO [o.n.i.d.DiagnosticsManager] awt.toolkit = sun.lwawt.macosx.LWCToolkit
2019-12-30 18:09:29.388+0000 INFO [o.n.i.d.DiagnosticsManager] jdk.tls.ephemeralDHKeySize = 2048
2019-12-30 18:09:29.388+0000 INFO [o.n.i.d.DiagnosticsManager] file.separator = /
2019-12-30 18:09:29.388+0000 INFO [o.n.i.d.DiagnosticsManager] sun.io.unicode.encoding = UnicodeBig
2019-12-30 18:09:29.388+0000 INFO [o.n.i.d.DiagnosticsManager] sun.cpu.endian = little
2019-12-30 18:09:29.388+0000 INFO [o.n.i.d.DiagnosticsManager] socksNonProxyHosts = local|*.local|169.254/16|*.169.254/16
2019-12-30 18:09:29.388+0000 INFO [o.n.i.d.DiagnosticsManager] ftp.nonProxyHosts = local|*.local|169.254/16|*.169.254/16
2019-12-30 18:09:29.388+0000 INFO [o.n.i.d.DiagnosticsManager] sun.cpu.isalist = 
2019-12-30 18:09:29.388+0000 INFO [o.n.i.d.DiagnosticsManager] (IANA) TimeZone Database Version:
2019-12-30 18:09:29.415+0000 INFO [o.n.i.d.DiagnosticsManager]   TimeZone version: 2019c (available for 600 zone identifiers)
2019-12-30 18:09:29.415+0000 INFO [o.n.i.d.DiagnosticsManager] Network information:
2019-12-30 18:09:29.420+0000 INFO [o.n.i.d.DiagnosticsManager] Interface utun3:
2019-12-30 18:09:29.420+0000 INFO [o.n.i.d.DiagnosticsManager]     address: fe80:0:0:0:8f5d:37dd:811b:6a1b%utun3
2019-12-30 18:09:29.420+0000 INFO [o.n.i.d.DiagnosticsManager] Interface utun2:
2019-12-30 18:09:29.420+0000 INFO [o.n.i.d.DiagnosticsManager]     address: fe80:0:0:0:9c64:71ec:9901:3a74%utun2
2019-12-30 18:09:29.420+0000 INFO [o.n.i.d.DiagnosticsManager] Interface utun1:
2019-12-30 18:09:29.420+0000 INFO [o.n.i.d.DiagnosticsManager]     address: fe80:0:0:0:eb67:9ee9:4338:d5db%utun1
2019-12-30 18:09:29.420+0000 INFO [o.n.i.d.DiagnosticsManager] Interface utun0:
2019-12-30 18:09:29.420+0000 INFO [o.n.i.d.DiagnosticsManager]     address: fe80:0:0:0:861e:36e6:3c54:eafe%utun0
2019-12-30 18:09:29.420+0000 INFO [o.n.i.d.DiagnosticsManager] Interface llw0:
2019-12-30 18:09:29.420+0000 INFO [o.n.i.d.DiagnosticsManager]     address: fe80:0:0:0:d8ef:10ff:febe:fc34%llw0
2019-12-30 18:09:29.420+0000 INFO [o.n.i.d.DiagnosticsManager] Interface awdl0:
2019-12-30 18:09:29.420+0000 INFO [o.n.i.d.DiagnosticsManager]     address: fe80:0:0:0:d8ef:10ff:febe:fc34%awdl0
2019-12-30 18:09:29.420+0000 INFO [o.n.i.d.DiagnosticsManager] Interface ham0:
2019-12-30 18:09:29.421+0000 INFO [o.n.i.d.DiagnosticsManager]     address: 2620:9b:0:0:0:0:1943:7971%ham0
2019-12-30 18:09:29.421+0000 INFO [o.n.i.d.DiagnosticsManager]     address: fe80:0:0:0:7879:19ff:fe43:7971%ham0
2019-12-30 18:09:29.421+0000 INFO [o.n.i.d.DiagnosticsManager]     address: 25.67.121.113
2019-12-30 18:09:29.421+0000 INFO [o.n.i.d.DiagnosticsManager] Interface en0:
2019-12-30 18:09:29.421+0000 INFO [o.n.i.d.DiagnosticsManager]     address: 192.168.1.225
2019-12-30 18:09:29.421+0000 INFO [o.n.i.d.DiagnosticsManager] Interface lo0:
2019-12-30 18:09:29.421+0000 INFO [o.n.i.d.DiagnosticsManager]     address: fe80:0:0:0:0:0:0:1%lo0
2019-12-30 18:09:29.421+0000 INFO [o.n.i.d.DiagnosticsManager]     address: 0:0:0:0:0:0:0:1%lo0
2019-12-30 18:09:29.421+0000 INFO [o.n.i.d.DiagnosticsManager]     address: 127.0.0.1
2019-12-30 18:09:29.421+0000 INFO [o.n.i.d.DiagnosticsManager] --- INITIALIZED diagnostics END ---
2019-12-30 18:09:29.602+0000 INFO [o.n.k.i.s.f.RecordFormatSelector] Selected format 'RecordFormat:StandardV3_4[v0.A.9]' for the new store
2019-12-30 18:09:30.177+0000 INFO [o.n.k.i.i.l.NativeLabelScanStore] No label index found, this might just be first use. Preparing to rebuild.
2019-12-30 18:09:30.220+0000 INFO [o.n.k.NeoStoreDataSource] Rotated to transaction log [/Users/joaonunoabreu/Desktop/neo4j-community-3.5.14/data/databases/graph.db/neostore.transaction.db.0] version=0, last transaction in previous log=1
2019-12-30 18:09:30.221+0000 INFO [o.n.k.NeoStoreDataSource] No commits found after last check point (which is at <no log position given>)
2019-12-30 18:09:30.230+0000 WARN [o.n.k.i.s.MetaDataStore] Missing counts store, rebuilding it.
2019-12-30 18:09:30.239+0000 WARN [o.n.k.i.s.MetaDataStore] Counts store rebuild completed.
2019-12-30 18:09:30.257+0000 INFO [o.n.k.i.i.l.NativeLabelScanStore] Rebuilding label index, this may take a while
2019-12-30 18:09:30.270+0000 INFO [o.n.k.i.i.l.NativeLabelScanStore] Label index rebuilt (roughly 0 nodes)
2019-12-30 18:09:30.275+0000 INFO [o.n.i.d.DiagnosticsManager] --- STARTED diagnostics for KernelDiagnostics:Versions START ---
2019-12-30 18:09:30.275+0000 INFO [o.n.i.d.DiagnosticsManager] Graph Database: community single StoreId{creationTime=1577729369761, randomId=-1558332385318716492, storeVersion=16094931155187206, upgradeTime=1577729369761, upgradeId=1}
2019-12-30 18:09:30.275+0000 INFO [o.n.i.d.DiagnosticsManager] Kernel version: 3.5.14,932d555a90a30c92acddd30a504e6ae1932a92ae
2019-12-30 18:09:30.275+0000 INFO [o.n.i.d.DiagnosticsManager] --- STARTED diagnostics for KernelDiagnostics:Versions END ---
2019-12-30 18:09:30.277+0000 INFO [o.n.i.d.DiagnosticsManager] --- STARTED diagnostics for NEO_STORE_VERSIONS START ---
2019-12-30 18:09:30.277+0000 INFO [o.n.i.d.DiagnosticsManager] Store versions:
2019-12-30 18:09:30.277+0000 INFO [o.n.i.d.DiagnosticsManager]   ArrayPropertyStore v0.A.9
2019-12-30 18:09:30.277+0000 INFO [o.n.i.d.DiagnosticsManager]   NodeStore v0.A.9
2019-12-30 18:09:30.277+0000 INFO [o.n.i.d.DiagnosticsManager]   StringPropertyStore v0.A.9
2019-12-30 18:09:30.277+0000 INFO [o.n.i.d.DiagnosticsManager]   PropertyIndexStore v0.A.9
2019-12-30 18:09:30.278+0000 INFO [o.n.i.d.DiagnosticsManager]   StringPropertyStore v0.A.9
2019-12-30 18:09:30.278+0000 INFO [o.n.i.d.DiagnosticsManager]   ArrayPropertyStore v0.A.9
2019-12-30 18:09:30.278+0000 INFO [o.n.i.d.DiagnosticsManager]   PropertyStore v0.A.9
2019-12-30 18:09:30.278+0000 INFO [o.n.i.d.DiagnosticsManager]   RelationshipStore v0.A.9
2019-12-30 18:09:30.278+0000 INFO [o.n.i.d.DiagnosticsManager]   StringPropertyStore v0.A.9
2019-12-30 18:09:30.278+0000 INFO [o.n.i.d.DiagnosticsManager]   RelationshipTypeStore v0.A.9
2019-12-30 18:09:30.278+0000 INFO [o.n.i.d.DiagnosticsManager]   StringPropertyStore v0.A.9
2019-12-30 18:09:30.278+0000 INFO [o.n.i.d.DiagnosticsManager]   LabelTokenStore v0.A.9
2019-12-30 18:09:30.278+0000 INFO [o.n.i.d.DiagnosticsManager]   SchemaStore v0.A.9
2019-12-30 18:09:30.278+0000 INFO [o.n.i.d.DiagnosticsManager]   RelationshipGroupStore v0.A.9
2019-12-30 18:09:30.278+0000 INFO [o.n.i.d.DiagnosticsManager]   NeoStore v0.A.9
2019-12-30 18:09:30.278+0000 INFO [o.n.i.d.DiagnosticsManager] --- STARTED diagnostics for NEO_STORE_VERSIONS END ---
2019-12-30 18:09:30.279+0000 INFO [o.n.i.d.DiagnosticsManager] --- STARTED diagnostics for NEO_STORE_ID_USAGE START ---
2019-12-30 18:09:30.279+0000 INFO [o.n.i.d.DiagnosticsManager] Id usage:
2019-12-30 18:09:30.279+0000 INFO [o.n.i.d.DiagnosticsManager]   ArrayPropertyStore: used=1 high=0
2019-12-30 18:09:30.279+0000 INFO [o.n.i.d.DiagnosticsManager]   NodeStore: used=0 high=-1
2019-12-30 18:09:30.279+0000 INFO [o.n.i.d.DiagnosticsManager]   StringPropertyStore: used=1 high=0
2019-12-30 18:09:30.279+0000 INFO [o.n.i.d.DiagnosticsManager]   PropertyIndexStore: used=0 high=-1
2019-12-30 18:09:30.279+0000 INFO [o.n.i.d.DiagnosticsManager]   StringPropertyStore: used=1 high=0
2019-12-30 18:09:30.279+0000 INFO [o.n.i.d.DiagnosticsManager]   ArrayPropertyStore: used=1 high=0
2019-12-30 18:09:30.280+0000 INFO [o.n.i.d.DiagnosticsManager]   PropertyStore: used=0 high=-1
2019-12-30 18:09:30.280+0000 INFO [o.n.i.d.DiagnosticsManager]   RelationshipStore: used=0 high=-1
2019-12-30 18:09:30.280+0000 INFO [o.n.i.d.DiagnosticsManager]   StringPropertyStore: used=1 high=0
2019-12-30 18:09:30.280+0000 INFO [o.n.i.d.DiagnosticsManager]   RelationshipTypeStore: used=0 high=-1
2019-12-30 18:09:30.280+0000 INFO [o.n.i.d.DiagnosticsManager]   StringPropertyStore: used=1 high=0
2019-12-30 18:09:30.280+0000 INFO [o.n.i.d.DiagnosticsManager]   LabelTokenStore: used=0 high=-1
2019-12-30 18:09:30.280+0000 INFO [o.n.i.d.DiagnosticsManager]   SchemaStore: used=1 high=0
2019-12-30 18:09:30.280+0000 INFO [o.n.i.d.DiagnosticsManager]   RelationshipGroupStore: used=1 high=0
2019-12-30 18:09:30.280+0000 INFO [o.n.i.d.DiagnosticsManager]   NeoStore: used=15 high=14
2019-12-30 18:09:30.281+0000 INFO [o.n.i.d.DiagnosticsManager] --- STARTED diagnostics for NEO_STORE_ID_USAGE END ---
2019-12-30 18:09:30.281+0000 INFO [o.n.i.d.DiagnosticsManager] --- STARTED diagnostics for NEO_STORE_RECORDS START ---
2019-12-30 18:09:30.281+0000 INFO [o.n.i.d.DiagnosticsManager] Neostore records:
2019-12-30 18:09:30.281+0000 INFO [o.n.i.d.DiagnosticsManager] TIME (Creation time): 1577729369761
2019-12-30 18:09:30.281+0000 INFO [o.n.i.d.DiagnosticsManager] RANDOM_NUMBER (Random number for store id): -1558332385318716492
2019-12-30 18:09:30.281+0000 INFO [o.n.i.d.DiagnosticsManager] LOG_VERSION (Current log version): 0
2019-12-30 18:09:30.282+0000 INFO [o.n.i.d.DiagnosticsManager] LAST_TRANSACTION_ID (Last committed transaction): 1
2019-12-30 18:09:30.282+0000 INFO [o.n.i.d.DiagnosticsManager] STORE_VERSION (Store format version): 16094931155187206
2019-12-30 18:09:30.282+0000 INFO [o.n.i.d.DiagnosticsManager] FIRST_GRAPH_PROPERTY (First property record containing graph properties): -1
2019-12-30 18:09:30.282+0000 INFO [o.n.i.d.DiagnosticsManager] LAST_CONSTRAINT_TRANSACTION (Last committed transaction containing constraint changes): 0
2019-12-30 18:09:30.282+0000 INFO [o.n.i.d.DiagnosticsManager] UPGRADE_TRANSACTION_ID (Transaction id most recent upgrade was performed at): 1
2019-12-30 18:09:30.282+0000 INFO [o.n.i.d.DiagnosticsManager] UPGRADE_TIME (Time of last upgrade): 1577729369761
2019-12-30 18:09:30.282+0000 INFO [o.n.i.d.DiagnosticsManager] LAST_TRANSACTION_CHECKSUM (Checksum of last committed transaction): 0
2019-12-30 18:09:30.282+0000 INFO [o.n.i.d.DiagnosticsManager] UPGRADE_TRANSACTION_CHECKSUM (Checksum of transaction id the most recent upgrade was performed at): 0
2019-12-30 18:09:30.282+0000 INFO [o.n.i.d.DiagnosticsManager] LAST_CLOSED_TRANSACTION_LOG_VERSION (Log version where the last transaction commit entry has been written into): 0
2019-12-30 18:09:30.282+0000 INFO [o.n.i.d.DiagnosticsManager] LAST_CLOSED_TRANSACTION_LOG_BYTE_OFFSET (Byte offset in the log file where the last transaction commit entry has been written into): 16
2019-12-30 18:09:30.282+0000 INFO [o.n.i.d.DiagnosticsManager] LAST_TRANSACTION_COMMIT_TIMESTAMP (Commit time timestamp for last committed transaction): 0
2019-12-30 18:09:30.282+0000 INFO [o.n.i.d.DiagnosticsManager] UPGRADE_TRANSACTION_COMMIT_TIMESTAMP (Commit timestamp of transaction the most recent upgrade was performed at): 0
2019-12-30 18:09:30.283+0000 INFO [o.n.i.d.DiagnosticsManager] --- STARTED diagnostics for NEO_STORE_RECORDS END ---
2019-12-30 18:09:30.284+0000 INFO [o.n.i.d.DiagnosticsManager] --- STARTED diagnostics for TRANSACTION_RANGE START ---
2019-12-30 18:09:30.284+0000 INFO [o.n.i.d.DiagnosticsManager] Transaction log:
2019-12-30 18:09:30.284+0000 INFO [o.n.i.d.DiagnosticsManager] No transactions found in any log
2019-12-30 18:09:30.284+0000 INFO [o.n.i.d.DiagnosticsManager] --- STARTED diagnostics for TRANSACTION_RANGE END ---
2019-12-30 18:09:30.289+0000 INFO [o.n.i.d.DiagnosticsManager] --- STARTED diagnostics for KernelDiagnostics:StoreFiles START ---
2019-12-30 18:09:30.290+0000 INFO [o.n.i.d.DiagnosticsManager] Disk space on partition (Total / Free / Free %): 250790436864 / 89240637440 / 35
2019-12-30 18:09:30.290+0000 INFO [o.n.i.d.DiagnosticsManager] Storage files: (filename : modification date - size)
2019-12-30 18:09:30.292+0000 INFO [o.n.i.d.DiagnosticsManager]   index:
2019-12-30 18:09:30.293+0000 INFO [o.n.i.d.DiagnosticsManager]   - Total: 2019-12-30T18:09:30+0000 - 0.00 B
2019-12-30 18:09:30.294+0000 INFO [o.n.i.d.DiagnosticsManager]   neostore: 2019-12-30T18:09:29+0000 - 8.00 kB
2019-12-30 18:09:30.294+0000 INFO [o.n.i.d.DiagnosticsManager]   neostore.counts.db.a: 2019-12-30T18:09:30+0000 - 96.00 B
2019-12-30 18:09:30.294+0000 INFO [o.n.i.d.DiagnosticsManager]   neostore.id: 2019-12-30T18:09:29+0000 - 9.00 B
2019-12-30 18:09:30.294+0000 INFO [o.n.i.d.DiagnosticsManager]   neostore.labelscanstore.db: 2019-12-30T18:09:30+0000 - 40.00 kB
2019-12-30 18:09:30.294+0000 INFO [o.n.i.d.DiagnosticsManager]   neostore.labeltokenstore.db: 2019-12-30T18:09:29+0000 - 0.00 B
2019-12-30 18:09:30.295+0000 INFO [o.n.i.d.DiagnosticsManager]   neostore.labeltokenstore.db.id: 2019-12-30T18:09:29+0000 - 9.00 B
2019-12-30 18:09:30.295+0000 INFO [o.n.i.d.DiagnosticsManager]   neostore.labeltokenstore.db.names: 2019-12-30T18:09:29+0000 - 8.00 kB
2019-12-30 18:09:30.295+0000 INFO [o.n.i.d.DiagnosticsManager]   neostore.labeltokenstore.db.names.id: 2019-12-30T18:09:29+0000 - 9.00 B
2019-12-30 18:09:30.295+0000 INFO [o.n.i.d.DiagnosticsManager]   neostore.nodestore.db: 2019-12-30T18:09:29+0000 - 0.00 B
2019-12-30 18:09:30.295+0000 INFO [o.n.i.d.DiagnosticsManager]   neostore.nodestore.db.id: 2019-12-30T18:09:29+0000 - 9.00 B
2019-12-30 18:09:30.296+0000 INFO [o.n.i.d.DiagnosticsManager]   neostore.nodestore.db.labels: 2019-12-30T18:09:29+0000 - 8.00 kB
2019-12-30 18:09:30.296+0000 INFO [o.n.i.d.DiagnosticsManager]   neostore.nodestore.db.labels.id: 2019-12-30T18:09:29+0000 - 9.00 B
2019-12-30 18:09:30.296+0000 INFO [o.n.i.d.DiagnosticsManager]   neostore.propertystore.db: 2019-12-30T18:09:29+0000 - 0.00 B
2019-12-30 18:09:30.296+0000 INFO [o.n.i.d.DiagnosticsManager]   neostore.propertystore.db.arrays: 2019-12-30T18:09:29+0000 - 8.00 kB
2019-12-30 18:09:30.296+0000 INFO [o.n.i.d.DiagnosticsManager]   neostore.propertystore.db.arrays.id: 2019-12-30T18:09:29+0000 - 9.00 B
2019-12-30 18:09:30.297+0000 INFO [o.n.i.d.DiagnosticsManager]   neostore.propertystore.db.id: 2019-12-30T18:09:29+0000 - 9.00 B
2019-12-30 18:09:30.297+0000 INFO [o.n.i.d.DiagnosticsManager]   neostore.propertystore.db.index: 2019-12-30T18:09:29+0000 - 0.00 B
2019-12-30 18:09:30.297+0000 INFO [o.n.i.d.DiagnosticsManager]   neostore.propertystore.db.index.id: 2019-12-30T18:09:29+0000 - 9.00 B
2019-12-30 18:09:30.297+0000 INFO [o.n.i.d.DiagnosticsManager]   neostore.propertystore.db.index.keys: 2019-12-30T18:09:29+0000 - 8.00 kB
2019-12-30 18:09:30.297+0000 INFO [o.n.i.d.DiagnosticsManager]   neostore.propertystore.db.index.keys.id: 2019-12-30T18:09:29+0000 - 9.00 B
2019-12-30 18:09:30.298+0000 INFO [o.n.i.d.DiagnosticsManager]   neostore.propertystore.db.strings: 2019-12-30T18:09:29+0000 - 8.00 kB
2019-12-30 18:09:30.298+0000 INFO [o.n.i.d.DiagnosticsManager]   neostore.propertystore.db.strings.id: 2019-12-30T18:09:29+0000 - 9.00 B
2019-12-30 18:09:30.298+0000 INFO [o.n.i.d.DiagnosticsManager]   neostore.relationshipgroupstore.db: 2019-12-30T18:09:29+0000 - 8.00 kB
2019-12-30 18:09:30.298+0000 INFO [o.n.i.d.DiagnosticsManager]   neostore.relationshipgroupstore.db.id: 2019-12-30T18:09:29+0000 - 9.00 B
2019-12-30 18:09:30.299+0000 INFO [o.n.i.d.DiagnosticsManager]   neostore.relationshipstore.db: 2019-12-30T18:09:29+0000 - 0.00 B
2019-12-30 18:09:30.299+0000 INFO [o.n.i.d.DiagnosticsManager]   neostore.relationshipstore.db.id: 2019-12-30T18:09:29+0000 - 9.00 B
2019-12-30 18:09:30.299+0000 INFO [o.n.i.d.DiagnosticsManager]   neostore.relationshiptypestore.db: 2019-12-30T18:09:29+0000 - 0.00 B
2019-12-30 18:09:30.299+0000 INFO [o.n.i.d.DiagnosticsManager]   neostore.relationshiptypestore.db.id: 2019-12-30T18:09:29+0000 - 9.00 B
2019-12-30 18:09:30.299+0000 INFO [o.n.i.d.DiagnosticsManager]   neostore.relationshiptypestore.db.names: 2019-12-30T18:09:29+0000 - 8.00 kB
2019-12-30 18:09:30.299+0000 INFO [o.n.i.d.DiagnosticsManager]   neostore.relationshiptypestore.db.names.id: 2019-12-30T18:09:29+0000 - 9.00 B
2019-12-30 18:09:30.300+0000 INFO [o.n.i.d.DiagnosticsManager]   neostore.schemastore.db: 2019-12-30T18:09:29+0000 - 8.00 kB
2019-12-30 18:09:30.300+0000 INFO [o.n.i.d.DiagnosticsManager]   neostore.schemastore.db.id: 2019-12-30T18:09:29+0000 - 9.00 B
2019-12-30 18:09:30.300+0000 INFO [o.n.i.d.DiagnosticsManager]   neostore.transaction.db.0: 2019-12-30T18:09:30+0000 - 16.00 B
2019-12-30 18:09:30.300+0000 INFO [o.n.i.d.DiagnosticsManager] Storage summary: 
2019-12-30 18:09:30.300+0000 INFO [o.n.i.d.DiagnosticsManager]   Total size of store: 112.24 kB
2019-12-30 18:09:30.300+0000 INFO [o.n.i.d.DiagnosticsManager]   Total size of mapped files: 112.00 kB
2019-12-30 18:09:30.300+0000 INFO [o.n.i.d.DiagnosticsManager] --- STARTED diagnostics for KernelDiagnostics:StoreFiles END ---
2019-12-30 18:09:30.300+0000 INFO [o.n.k.a.DatabaseAvailabilityGuard] Fulfilling of requirement 'Database available' makes database graph.db available.
2019-12-30 18:09:30.301+0000 INFO [o.n.k.a.DatabaseAvailabilityGuard] Database graph.db is ready.
2019-12-30 18:09:30.301+0000 INFO [o.n.k.i.DatabaseHealth] Database health set to OK
2019-12-30 18:09:30.879+0000 INFO [o.n.b.BoltServer] Bolt server loaded
2019-12-30 18:09:31.090+0000 INFO [o.n.b.BoltServer] Bolt enabled on 127.0.0.1:7687.
2019-12-30 18:09:33.018+0000 INFO [o.n.i.d.DiagnosticsManager] --- SERVER STARTED START ---
2019-12-30 18:09:34.108+0000 INFO [o.n.i.d.DiagnosticsManager] --- SERVER STARTED END ---
2019-12-30 18:09:52.342+0000 WARN [o.n.b.r.DefaultBoltConnection] The client is unauthorized due to authentication failure.
2019-12-30 19:06:42.346+0000 INFO [o.n.k.a.DatabaseAvailabilityGuard] Database graph.db is unavailable.
2019-12-30 19:06:42.363+0000 INFO [o.n.g.f.GraphDatabaseFacadeFactory] Shutdown started
2019-12-30 19:06:42.366+0000 INFO [o.n.g.f.GraphDatabaseFacadeFactory] Shutting down 'graph.db' database.
2019-12-30 19:06:42.366+0000 INFO [o.n.g.f.GraphDatabaseFacadeFactory] Shutdown started
2019-12-30 19:06:42.368+0000 INFO [o.n.k.i.t.l.c.CheckPointerImpl] Checkpoint triggered by "Database shutdown" @ txId: 1 checkpoint started...
2019-12-30 19:06:42.375+0000 INFO [o.n.k.i.t.l.c.CheckPointerImpl] Checkpoint triggered by "Database shutdown" @ txId: 1 checkpoint completed in 6ms
2019-12-30 19:06:42.376+0000 INFO [o.n.k.i.t.l.p.LogPruningImpl] No log version pruned, last checkpoint was made in version 0
2019-12-30 19:06:42.397+0000 INFO [o.n.i.d.DiagnosticsManager] --- STOPPING diagnostics START ---
2019-12-30 19:06:42.397+0000 INFO [o.n.i.d.DiagnosticsManager] --- STOPPING diagnostics END ---
